Using pre-set license
Built from '2021.1/staging' branch; Version is '2021.1.23f1 (b50729e604a9) revision 11863849'; Using compiler version '192528614'; Build Type 'Release'
OS: 'Windows 10 Pro; OS build 19042.1288; Version 2009; 64bit' Language: 'fr' Physical Memory: 16307 MB
BatchMode: 1, IsHumanControllingUs: 0, StartBugReporterOnCrash: 0, Is64bit: 1, IsPro: 0

COMMAND LINE ARGUMENTS:
C:\Program Files\Unity\Hub\Editor\2021.1.23f1\Editor\Unity.exe
-adb2
-batchMode
-noUpm
-name
AssetImportWorker0
-projectPath
C:/Users/MOI/Documents/Unity project/3_Project_Boost
-logFile
Logs/AssetImportWorker0.log
-srvPort
57098
Successfully changed project path to: C:/Users/MOI/Documents/Unity project/3_Project_Boost
C:/Users/MOI/Documents/Unity project/3_Project_Boost
Using Asset Import Pipeline V2.
Refreshing native plugins compatible for Editor in 53.71 ms, found 4 plugins.
Preloading 0 native plugins for Editor in 0.00 ms.
Initialize engine version: 2021.1.23f1 (b50729e604a9)
[Subsystems] Discovering subsystems at path C:/Program Files/Unity/Hub/Editor/2021.1.23f1/Editor/Data/Resources/UnitySubsystems
[Subsystems] Discovering subsystems at path C:/Users/MOI/Documents/Unity project/3_Project_Boost/Assets
GfxDevice: creating device client; threaded=0; jobified=0
Direct3D:
    Version:  Direct3D 11.0 [level 11.1]
    Renderer: NVIDIA GeForce GTX 1070 (ID=0x1be1)
    Vendor:   NVIDIA
    VRAM:     8081 MB
    Driver:   27.21.14.5730
Initialize mono
Mono path[0] = 'C:/Program Files/Unity/Hub/Editor/2021.1.23f1/Editor/Data/Managed'
Mono path[1] = 'C:/Program Files/Unity/Hub/Editor/2021.1.23f1/Editor/Data/MonoBleedingEdge/lib/mono/unityjit'
Mono config path = 'C:/Program Files/Unity/Hub/Editor/2021.1.23f1/Editor/Data/MonoBleedingEdge/etc'
Using monoOptions --debugger-agent=transport=dt_socket,embedding=1,server=y,suspend=n,address=127.0.0.1:56568
Begin MonoManager ReloadAssembly
Registering precompiled unity dll's ...
Register platform support module: C:/Program Files/Unity/Hub/Editor/2021.1.23f1/Editor/Data/PlaybackEngines/WebGLSupport/UnityEditor.WebGL.Extensions.dll
Register platform support module: C:/Program Files/Unity/Hub/Editor/2021.1.23f1/Editor/Data/PlaybackEngines/WindowsStandaloneSupport/UnityEditor.WindowsStandalone.Extensions.dll
Registered in 0.002549 seconds.
Native extension for WindowsStandalone target not found
Native extension for WebGL target not found
Refreshing native plugins compatible for Editor in 37.88 ms, found 4 plugins.
Preloading 0 native plugins for Editor in 0.00 ms.
Mono: successfully reloaded assembly
- Completed reload, in  1.958 seconds
Domain Reload Profiling:
	ReloadAssembly (1958ms)
		BeginReloadAssembly (137ms)
			ExecutionOrderSort (0ms)
			DisableScriptedObjects (0ms)
			BackupInstance (0ms)
			ReleaseScriptingObjects (0ms)
			CreateAndSetChildDomain (2ms)
		EndReloadAssembly (592ms)
			LoadAssemblies (131ms)
			RebuildTransferFunctionScriptingTraits (0ms)
			SetupTypeCache (239ms)
			ReleaseScriptCaches (0ms)
			RebuildScriptCaches (47ms)
			SetupLoadedEditorAssemblies (248ms)
				LogAssemblyErrors (0ms)
				InitializePlatformSupportModulesInManaged (12ms)
				SetLoadedEditorAssemblies (0ms)
				RefreshPlugins (38ms)
				BeforeProcessingInitializeOnLoad (2ms)
				ProcessInitializeOnLoadAttributes (148ms)
				ProcessInitializeOnLoadMethodAttributes (49ms)
				AfterProcessingInitializeOnLoad (0ms)
				EditorAssembliesLoaded (0ms)
			ExecutionOrderSort2 (0ms)
			AwakeInstancesAfterBackupRestoration (0ms)
Platform modules already initialized, skipping
Registering precompiled user dll's ...
Registered in 0.014163 seconds.
Begin MonoManager ReloadAssembly
Native extension for WindowsStandalone target not found
Native extension for WebGL target not found
Refreshing native plugins compatible for Editor in 0.47 ms, found 4 plugins.
Preloading 0 native plugins for Editor in 0.00 ms.
Mono: successfully reloaded assembly
- Completed reload, in  1.935 seconds
Domain Reload Profiling:
	ReloadAssembly (1936ms)
		BeginReloadAssembly (218ms)
			ExecutionOrderSort (0ms)
			DisableScriptedObjects (6ms)
			BackupInstance (0ms)
			ReleaseScriptingObjects (0ms)
			CreateAndSetChildDomain (24ms)
		EndReloadAssembly (1621ms)
			LoadAssemblies (159ms)
			RebuildTransferFunctionScriptingTraits (0ms)
			SetupTypeCache (584ms)
			ReleaseScriptCaches (0ms)
			RebuildScriptCaches (84ms)
			SetupLoadedEditorAssemblies (591ms)
				LogAssemblyErrors (0ms)
				InitializePlatformSupportModulesInManaged (9ms)
				SetLoadedEditorAssemblies (1ms)
				RefreshPlugins (1ms)
				BeforeProcessingInitializeOnLoad (77ms)
				ProcessInitializeOnLoadAttributes (486ms)
				ProcessInitializeOnLoadMethodAttributes (7ms)
				AfterProcessingInitializeOnLoad (10ms)
				EditorAssembliesLoaded (0ms)
			ExecutionOrderSort2 (0ms)
			AwakeInstancesAfterBackupRestoration (20ms)
Platform modules already initialized, skipping
========================================================================
Worker process is ready to serve import requests
Launched and connected shader compiler UnityShaderCompiler.exe after 0.16 seconds
Refreshing native plugins compatible for Editor in 0.58 ms, found 4 plugins.
Preloading 0 native plugins for Editor in 0.00 ms.
Unloading 1429 Unused Serialized files (Serialized files now loaded: 0)
System memory in use before: 67.1 MB.
System memory in use after: 67.2 MB.

Unloading 33 unused Assets to reduce memory usage. Loaded Objects now: 1904.
Total: 6.098800 ms (FindLiveObjects: 0.186300 ms CreateObjectMapping: 0.075200 ms MarkObjects: 5.725200 ms  DeleteObjects: 0.110200 ms)

AssetImportParameters requested are different than current active one (requested -> active):
  custom:framework-win-MediaFoundation: 216162199b28c13a410421893ffa2e32 -> 
  custom:video-decoder-ogg-theora: a1e56fd34408186e4bbccfd4996cb3dc -> 
  custom:container-muxer-webm: aa71ff27fc2769a1b78a27578f13a17b -> 
  custom:container-demuxer-webm: 4f35f7cbe854078d1ac9338744f61a02 -> 
  custom:container-demuxer-ogg: 62fdf1f143b41e24485cea50d1cbac27 -> 
  custom:video-encoder-webm-vp8: eb34c28f22e8b96e1ab97ce403110664 -> 
  custom:video-decoder-webm-vp8: 9c59270c3fd7afecdb556c50c9e8de78 -> 
  custom:audio-decoder-ogg-vorbis: bf7c407c2cedff20999df2af8eb42d56 -> 
  custom:audio-encoder-webm-vorbis: bf7c407c2cedff20999df2af8eb42d56 -> 
========================================================================
Received Import Request.
  path: Assets/Moving Obstacle.prefab
  artifactKey: Guid(7c712204cac2d7747b036db5a9299218) Importer(815301076,1909f56bfc062723c751e8b465ee728b)
Start importing Assets/Moving Obstacle.prefab using Guid(7c712204cac2d7747b036db5a9299218) Importer(815301076,1909f56bfc062723c751e8b465ee728b)  -> (artifact id: 'ee0565d1d8b6990ea1ea3ddef61b108b') in 0.646783 seconds 
========================================================================
Received Import Request.
  Time since last request: 0.000209 seconds.
  path: Assets/Success Particles.prefab
  artifactKey: Guid(bb85dda163412634e9d46dab1957b235) Importer(815301076,1909f56bfc062723c751e8b465ee728b)
Start importing Assets/Success Particles.prefab using Guid(bb85dda163412634e9d46dab1957b235) Importer(815301076,1909f56bfc062723c751e8b465ee728b)  -> (artifact id: 'eeab31689934e99fb4ab61dd829ef41b') in 0.062428 seconds 
========================================================================
Received Import Request.
  Time since last request: 0.000220 seconds.
  path: Assets/Directional Light.prefab
  artifactKey: Guid(17ce8278a6e5b4ab09efa75ac2b34610) Importer(815301076,1909f56bfc062723c751e8b465ee728b)
Start importing Assets/Directional Light.prefab using Guid(17ce8278a6e5b4ab09efa75ac2b34610) Importer(815301076,1909f56bfc062723c751e8b465ee728b)  -> (artifact id: 'a45a3e24031c0aa293814a356d7357a4') in 0.012506 seconds 
========================================================================
Received Import Request.
  Time since last request: 0.000284 seconds.
  path: Assets/Spotlight.prefab
  artifactKey: Guid(4efb28f38441d524b8338240cea9dbeb) Importer(815301076,1909f56bfc062723c751e8b465ee728b)
Start importing Assets/Spotlight.prefab using Guid(4efb28f38441d524b8338240cea9dbeb) Importer(815301076,1909f56bfc062723c751e8b465ee728b)  -> (artifact id: '9d22a3ab8e8fdf0a786a90c7c1aa97de') in 0.012174 seconds 
========================================================================
Received Import Request.
  Time since last request: 0.000239 seconds.
  path: Assets/Spotlight (1).prefab
  artifactKey: Guid(525e7d1f4c276ed45bff527904266ff5) Importer(815301076,1909f56bfc062723c751e8b465ee728b)
Start importing Assets/Spotlight (1).prefab using Guid(525e7d1f4c276ed45bff527904266ff5) Importer(815301076,1909f56bfc062723c751e8b465ee728b)  -> (artifact id: '37832cc9c7d7513be8162c6513d3272e') in 0.012339 seconds 
========================================================================
Received Import Request.
  Time since last request: 0.000229 seconds.
  path: Assets/Main Camera.prefab
  artifactKey: Guid(04ba9cc1e9f7d42a19196588efaba3c0) Importer(815301076,1909f56bfc062723c751e8b465ee728b)
Start importing Assets/Main Camera.prefab using Guid(04ba9cc1e9f7d42a19196588efaba3c0) Importer(815301076,1909f56bfc062723c751e8b465ee728b)  -> (artifact id: '2a7caa5a152c3fbda81773d45c630fc4') in 0.011722 seconds 
========================================================================
Received Import Request.
  Time since last request: 0.000297 seconds.
  path: Assets/Light_Landing_Pad.prefab
  artifactKey: Guid(29c6efe16577e544f9a7acf9d1641671) Importer(815301076,1909f56bfc062723c751e8b465ee728b)
Start importing Assets/Light_Landing_Pad.prefab using Guid(29c6efe16577e544f9a7acf9d1641671) Importer(815301076,1909f56bfc062723c751e8b465ee728b)  -> (artifact id: '0a14ed4c10cc5eca158e3efe81dfff96') in 0.012264 seconds 
========================================================================
Received Import Request.
  Time since last request: 0.000245 seconds.
  path: Assets/Success Particles 1.prefab
  artifactKey: Guid(bc9f686fe35d064459303d3814451a4b) Importer(815301076,1909f56bfc062723c751e8b465ee728b)
Start importing Assets/Success Particles 1.prefab using Guid(bc9f686fe35d064459303d3814451a4b) Importer(815301076,1909f56bfc062723c751e8b465ee728b)  -> (artifact id: 'f28a95d0af37f588d80e2e50e90abcb0') in 0.021827 seconds 
========================================================================
Received Import Request.
  Time since last request: 0.000207 seconds.
  path: Assets/Rocket Ship.prefab
  artifactKey: Guid(b50165df3e0f64bd38ace19f08d56c9d) Importer(815301076,1909f56bfc062723c751e8b465ee728b)
Start importing Assets/Rocket Ship.prefab using Guid(b50165df3e0f64bd38ace19f08d56c9d) Importer(815301076,1909f56bfc062723c751e8b465ee728b)  -> (artifact id: 'a76ca374ec294dda1bc3094b08c63f6e') in 0.029466 seconds 
========================================================================
Received Import Request.
  Time since last request: 35.247481 seconds.
  path: Assets/Levels/chompers.unity
  artifactKey: Guid(de9c081d1ae006247bb8224e42627eae) Importer(815301076,1909f56bfc062723c751e8b465ee728b)
Start importing Assets/Levels/chompers.unity using Guid(de9c081d1ae006247bb8224e42627eae) Importer(815301076,1909f56bfc062723c751e8b465ee728b)  -> (artifact id: 'edf51d3387b0a9641e105309ecf60353') in 0.008915 seconds 
========================================================================
Received Import Request.
  Time since last request: 0.753648 seconds.
  path: Assets/Levels/Level 1
  artifactKey: Guid(1cf1c09993fb64a8aa9b5387687a1c44) Importer(815301076,1909f56bfc062723c751e8b465ee728b)
Start importing Assets/Levels/Level 1 using Guid(1cf1c09993fb64a8aa9b5387687a1c44) Importer(815301076,1909f56bfc062723c751e8b465ee728b)  -> (artifact id: 'f4d6e2957ae626d3774159f17a25df42') in 0.007481 seconds 
========================================================================
Received Import Request.
  Time since last request: 0.055844 seconds.
  path: Assets/Levels/Level 1/LightingData.asset
  artifactKey: Guid(16700971609f84103b243fe67e9dde70) Importer(815301076,1909f56bfc062723c751e8b465ee728b)
Start importing Assets/Levels/Level 1/LightingData.asset using Guid(16700971609f84103b243fe67e9dde70) Importer(815301076,1909f56bfc062723c751e8b465ee728b) Lighting data asset ‘LightingData’ is incompatible with the current Unity version. Please use Generate Lighting to rebuild the lighting data.  Realtime Global Illumination cannot be used until the lighting data is rebuilt.
 -> (artifact id: '82215694aed86bb806492d41f417bbfc') in 0.009698 seconds 
========================================================================
Received Import Request.
  Time since last request: 0.000298 seconds.
  path: Assets/Levels/Level 1/ReflectionProbe-0.exr
  artifactKey: Guid(bc6914b17872d484d95e8c29f1af48cc) Importer(815301076,1909f56bfc062723c751e8b465ee728b)
Start importing Assets/Levels/Level 1/ReflectionProbe-0.exr using Guid(bc6914b17872d484d95e8c29f1af48cc) Importer(815301076,1909f56bfc062723c751e8b465ee728b)  -> (artifact id: '49e865c846a4d501e724d03a3b091679') in 0.042260 seconds 
